<?xml version="1.0" encoding="UTF-8"?>
<!-- Generated by org.testng.reporters.JUnitReportReporter -->
<testsuite hostname="Anna12" failures="0" tests="2" name="testcases.TC_Validateelements_005" time="0.816" errors="0" timestamp="2024-04-02T11:00:49 IST" skipped="0">
  <testcase classname="testcases.TC_Validateelements_005" name="test2" time="0.214"/>
  <testcase classname="testcases.TC_Validateelements_005" name="test1" time="0.602"/>
</testsuite> <!-- testcases.TC_Validateelements_005 -->
