<?xml version="1.0" encoding="UTF-8"?>
<!-- Generated by org.testng.reporters.JUnitReportReporter -->
<testsuite hostname="Anna12" failures="0" tests="2" name="testcases.TC_Homepage_004" time="3.929" errors="0" timestamp="2024-04-02T10:58:56 IST" skipped="0">
  <testcase classname="testcases.TC_Homepage_004" name="test1" time="2.941"/>
  <testcase classname="testcases.TC_Homepage_004" name="test3" time="0.988"/>
</testsuite> <!-- testcases.TC_Homepage_004 -->
