<?xml version="1.0" encoding="UTF-8"?>
<!-- Generated by org.testng.reporters.JUnitReportReporter -->
<testsuite hostname="Anna12" failures="0" tests="2" name="testcases.TC_Registepage_002" time="2.553" errors="0" timestamp="2024-04-02T11:00:15 IST" skipped="0">
  <testcase classname="testcases.TC_Registepage_002" name="test1" time="0.487"/>
  <testcase classname="testcases.TC_Registepage_002" name="test2" time="2.066"/>
</testsuite> <!-- testcases.TC_Registepage_002 -->
