<?xml version="1.0" encoding="UTF-8"?>
<!-- Generated by org.testng.reporters.JUnitReportReporter -->
<testsuite hostname="Anna12" failures="0" tests="1" name="pagetest.Linktest" time="2.505" errors="0" timestamp="2024-03-25T18:22:29 IST" skipped="0">
  <testcase classname="pagetest.Linktest" name="linktest" time="2.505"/>
</testsuite> <!-- pagetest.Linktest -->
