<?xml version="1.0" encoding="UTF-8"?>
<!-- Generated by org.testng.reporters.JUnitReportReporter -->
<testsuite hostname="Anna12" failures="0" tests="1" name="testcases.TC_linkTest" time="3.045" errors="0" timestamp="2024-03-25T20:10:27 IST" skipped="0">
  <testcase classname="testcases.TC_linkTest" name="linktest" time="3.045"/>
</testsuite> <!-- testcases.TC_linkTest -->
