<?xml version="1.0" encoding="UTF-8"?>
<!-- Generated by org.testng.reporters.JUnitReportReporter -->
<testsuite hostname="Anna12" failures="0" tests="2" name="testcases.TC_Login_003" time="1.522" errors="0" timestamp="2024-04-02T10:59:43 IST" skipped="0">
  <testcase classname="testcases.TC_Login_003" name="test1" time="0.537"/>
  <testcase classname="testcases.TC_Login_003" name="test2" time="0.985"/>
</testsuite> <!-- testcases.TC_Login_003 -->
