<?xml version="1.0" encoding="UTF-8"?>
<!-- Generated by org.testng.reporters.JUnitReportReporter -->
<testsuite hostname="Anna12" failures="0" tests="1" name="testcases.TC_linkTest_001" time="0.462" errors="0" timestamp="2024-04-02T10:59:19 IST" skipped="0">
  <testcase classname="testcases.TC_linkTest_001" name="linkTest" time="0.462"/>
</testsuite> <!-- testcases.TC_linkTest_001 -->
